# JRE version: Java(TM) SE Runtime Environment (21.0.5+9) (build 21.0.5+9-LTS-239)
# Java VM: Java HotSpot(TM) 64-Bit Server VM (21.0.5+9-LTS-239, mixed mode, sharing, tiered, compressed oops, compressed class ptrs, g1 gc, windows-amd64)
GC Precious Log:
 CardTable entry size: 512
 Card Set container configuration: InlinePtr #cards 5 size 8 Array Of Cards #cards 12 size 40 Howl #buckets 4 coarsen threshold 1843 Howl Bitmap #cards 512 size 80 coarsen threshold 460 Card regions per heap region 1 cards per card region 2048
 CPUs: 12 total, 12 available
 Memory: 7501M
 Large Page Support: Disabled
 NUMA Support: Disabled
 Compressed Oops: Enabled (32-bit)
 Heap Region Size: 1M
 Heap Min Capacity: 8M
 Heap Initial Capacity: 118M
 Heap Max Capacity: 1876M
 Pre-touch: Disabled
 Parallel Workers: 10
 Concurrent Workers: 3
 Concurrent Refinement Workers: 10
 Periodic GC: Disabled
Heap:
 garbage-first heap   total 82944K, used 63084K [0x000000008ac00000, 0x0000000100000000)
  region size 1024K, 20 young (20480K), 4 survivors (4096K)
 Metaspace       used 78956K, committed 79744K, reserved 1179648K
  class space    used 10859K, committed 11200K, reserved 1048576K
GC Heap History (20 events):
Event: 4.200 GC heap before
{Heap before GC invocations=6 (full 0):
 garbage-first heap   total 66560K, used 39510K [0x000000008ac00000, 0x0000000100000000)
  region size 1024K, 22 young (22528K), 4 survivors (4096K)
 Metaspace       used 35493K, committed 35968K, reserved 1114112K
  class space    used 4503K, committed 4736K, reserved 1048576K
}
Event: 4.204 GC heap after
{Heap after GC invocations=7 (full 0):
 garbage-first heap   total 66560K, used 23713K [0x000000008ac00000, 0x0000000100000000)
  region size 1024K, 2 young (2048K), 2 survivors (2048K)
 Metaspace       used 35493K, committed 35968K, reserved 1114112K
  class space    used 4503K, committed 4736K, reserved 1048576K
}
Event: 5.046 GC heap before
{Heap before GC invocations=8 (full 0):
 garbage-first heap   total 66560K, used 54433K [0x000000008ac00000, 0x0000000100000000)
  region size 1024K, 32 young (32768K), 2 survivors (2048K)
 Metaspace       used 44743K, committed 45376K, reserved 1114112K
  class space    used 5792K, committed 6080K, reserved 1048576K
}
Event: 5.049 GC heap after
{Heap after GC invocations=9 (full 0):
 garbage-first heap   total 66560K, used 26253K [0x000000008ac00000, 0x0000000100000000)
  region size 1024K, 4 young (4096K), 4 survivors (4096K)
 Metaspace       used 44743K, committed 45376K, reserved 1114112K
  class space    used 5792K, committed 6080K, reserved 1048576K
}
Event: 5.711 GC heap before
{Heap before GC invocations=9 (full 0):
 garbage-first heap   total 66560K, used 54925K [0x000000008ac00000, 0x0000000100000000)
  region size 1024K, 33 young (33792K), 4 survivors (4096K)
 Metaspace       used 52936K, committed 53568K, reserved 1114112K
  class space    used 6948K, committed 7232K, reserved 1048576K
}
Event: 5.715 GC heap after
{Heap after GC invocations=10 (full 0):
 garbage-first heap   total 66560K, used 27834K [0x000000008ac00000, 0x0000000100000000)
  region size 1024K, 3 young (3072K), 3 survivors (3072K)
 Metaspace       used 52936K, committed 53568K, reserved 1114112K
  class space    used 6948K, committed 7232K, reserved 1048576K
}
Event: 6.241 GC heap before
{Heap before GC invocations=10 (full 0):
 garbage-first heap   total 66560K, used 53434K [0x000000008ac00000, 0x0000000100000000)
  region size 1024K, 29 young (29696K), 3 survivors (3072K)
 Metaspace       used 59455K, committed 60096K, reserved 1114112K
  class space    used 7876K, committed 8192K, reserved 1048576K
}
Event: 6.244 GC heap after
{Heap after GC invocations=11 (full 0):
 garbage-first heap   total 66560K, used 28829K [0x000000008ac00000, 0x0000000100000000)
  region size 1024K, 4 young (4096K), 4 survivors (4096K)
 Metaspace       used 59455K, committed 60096K, reserved 1114112K
  class space    used 7876K, committed 8192K, reserved 1048576K
}
Event: 7.767 GC heap before
{Heap before GC invocations=12 (full 0):
 garbage-first heap   total 66560K, used 56477K [0x000000008ac00000, 0x0000000100000000)
  region size 1024K, 32 young (32768K), 4 survivors (4096K)
 Metaspace       used 65416K, committed 66048K, reserved 1114112K
  class space    used 8716K, committed 9024K, reserved 1048576K
}
Event: 7.771 GC heap after
{Heap after GC invocations=13 (full 0):
 garbage-first heap   total 66560K, used 31159K [0x000000008ac00000, 0x0000000100000000)
  region size 1024K, 4 young (4096K), 4 survivors (4096K)
 Metaspace       used 65416K, committed 66048K, reserved 1114112K
  class space    used 8716K, committed 9024K, reserved 1048576K
}
Event: 8.682 GC heap before
{Heap before GC invocations=13 (full 0):
 garbage-first heap   total 66560K, used 57783K [0x000000008ac00000, 0x0000000100000000)
  region size 1024K, 30 young (30720K), 4 survivors (4096K)
 Metaspace       used 67948K, committed 68672K, reserved 1114112K
  class space    used 9200K, committed 9536K, reserved 1048576K
}
Event: 8.686 GC heap after
{Heap after GC invocations=14 (full 0):
 garbage-first heap   total 66560K, used 32382K [0x000000008ac00000, 0x0000000100000000)
  region size 1024K, 2 young (2048K), 2 survivors (2048K)
 Metaspace       used 67948K, committed 68672K, reserved 1114112K
  class space    used 9200K, committed 9536K, reserved 1048576K
}
Event: 9.001 GC heap before
{Heap before GC invocations=14 (full 0):
 garbage-first heap   total 66560K, used 57982K [0x000000008ac00000, 0x0000000100000000)
  region size 1024K, 28 young (28672K), 2 survivors (2048K)
 Metaspace       used 70678K, committed 71360K, reserved 1114112K
  class space    used 9747K, committed 10048K, reserved 1048576K
}
Event: 9.003 GC heap after
{Heap after GC invocations=15 (full 0):
 garbage-first heap   total 66560K, used 33969K [0x000000008ac00000, 0x0000000100000000)
  region size 1024K, 4 young (4096K), 4 survivors (4096K)
 Metaspace       used 70678K, committed 71360K, reserved 1114112K
  class space    used 9747K, committed 10048K, reserved 1048576K
}
Event: 9.827 GC heap before
{Heap before GC invocations=16 (full 0):
 garbage-first heap   total 66560K, used 57521K [0x000000008ac00000, 0x0000000100000000)
  region size 1024K, 27 young (27648K), 4 survivors (4096K)
 Metaspace       used 73713K, committed 74368K, reserved 1114112K
  class space    used 10130K, committed 10432K, reserved 1048576K
}
Event: 9.830 GC heap after
{Heap after GC invocations=17 (full 0):
 garbage-first heap   total 79872K, used 35908K [0x000000008ac00000, 0x0000000100000000)
  region size 1024K, 4 young (4096K), 4 survivors (4096K)
 Metaspace       used 73713K, committed 74368K, reserved 1114112K
  class space    used 10130K, committed 10432K, reserved 1048576K
}
Event: 10.645 GC heap before
{Heap before GC invocations=17 (full 0):
 garbage-first heap   total 79872K, used 69700K [0x000000008ac00000, 0x0000000100000000)
  region size 1024K, 37 young (37888K), 4 survivors (4096K)
 Metaspace       used 76365K, committed 77120K, reserved 1179648K
  class space    used 10505K, committed 10816K, reserved 1048576K
}
Event: 10.652 GC heap after
{Heap after GC invocations=18 (full 0):
 garbage-first heap   total 82944K, used 43214K [0x000000008ac00000, 0x0000000100000000)
  region size 1024K, 5 young (5120K), 5 survivors (5120K)
 Metaspace       used 76365K, committed 77120K, reserved 1179648K
  class space    used 10505K, committed 10816K, reserved 1048576K
}
Event: 10.702 GC heap before
{Heap before GC invocations=18 (full 0):
 garbage-first heap   total 82944K, used 70862K [0x000000008ac00000, 0x0000000100000000)
  region size 1024K, 32 young (32768K), 5 survivors (5120K)
 Metaspace       used 76417K, committed 77120K, reserved 1179648K
  class space    used 10507K, committed 10816K, reserved 1048576K
}
Event: 10.708 GC heap after
{Heap after GC invocations=19 (full 0):
 garbage-first heap   total 82944K, used 47724K [0x000000008ac00000, 0x0000000100000000)
  region size 1024K, 4 young (4096K), 4 survivors (4096K)
 Metaspace       used 76417K, committed 77120K, reserved 1179648K
  class space    used 10507K, committed 10816K, reserved 1048576K
}

